Arguments: 
  C:\Program Files\nodejs\node.exe C:\Program Files\nodejs\node_modules\yarn\bin\yarn.js

PATH: 
  E:\Projects\cf-tunnel-demo\node_modules\.bin;E:\Projects\node_modules\.bin;E:\node_modules\.bin;C:\Users\naeem\AppData\Roaming\nvm\v20.7.0\node_modules\npm\node_modules\@npmcli\run-script\lib\node-gyp-bin;C:\Windows\system32;C:\Windows;C:\Windows\System32\Wbem;C:\Windows\System32\WindowsPowerShell\v1.0\;C:\Windows\System32\OpenSSH\;C:\Program Files (x86)\NVIDIA Corporation\PhysX\Common;C:\Users\naeem\AppData\Roaming\nvm;C:\Program Files\nodejs;C:\Program Files\Git\cmd;C:\Program Files\PuTTY\;C:\Users\naeem\AppData\Local\Microsoft\WindowsApps;C:\Users\naeem\AppData\Local\Programs\Microsoft VS Code\bin;C:\Users\naeem\AppData\Roaming\nvm;C:\Program Files\nodejs

Yarn version: 
  1.22.19

Node version: 
  20.7.0

Platform: 
  win32 x64

Trace: 
  Error: ENOENT: no such file or directory, open 'C:\Users\naeem\AppData\Local\Yarn\Cache\v6\npm-@cloudflare-workerd-windows-64-1.20230904.0-4274530cd9b469248060f0222e31588193e555db-integrity\node_modules\@cloudflare\workerd-windows-64\.yarn-metadata.json'

npm manifest: 
  {
  	"name": "cf-tunnel-demo",
  	"version": "0.0.0",
  	"private": true,
  	"scripts": {
  		"build": "esbuild --bundle --sourcemap --outfile=dist/index.mjs --minify --format=esm ./src/index.js --external:*.wasm --inject:./src/deno/workers-override.ts --platform=node",
  		"format": "prettier --write '**/*.{js,css,json,md}'",
  		"deploy": "wrangler deploy",
  		"dev": "wrangler dev --local"
  	},
  	"devDependencies": {
  		"@cloudflare/workers-types": "^4.20230914.0",
  		"@types/node": "^20.6.4",
  		"esbuild": "^0.19.3",
  		"isomorphic-fetch": "^3.0.0",
  		"jest": "^29.7.0",
  		"ts-jest": "^29.1.1",
  		"tslib": "^2.6.2",
  		"typescript": "^5.2.2",
  		"wrangler": "^3.9.0"
  	},
  	"dependencies": {
  		"mysql2": "^3.6.1",
  		"pg": "^8.11.3"
  	}
  }

yarn manifest: 
  No manifest

Lockfile: 
  No lockfile
